[2026-02-27T17:40:06.840+0000] {taskinstance.py:1956} INFO - Dependencies all met for dep_context=non-requeueable deps ti=<TaskInstance: pipeline_mar_ligure_v2.aggiorna_fact_movimenti manual__2026-02-27T17:35:05.018970+00:00 [queued]>
[2026-02-27T17:40:06.843+0000] {taskinstance.py:1956} INFO - Dependencies all met for dep_context=requeueable deps ti=<TaskInstance: pipeline_mar_ligure_v2.aggiorna_fact_movimenti manual__2026-02-27T17:35:05.018970+00:00 [queued]>
[2026-02-27T17:40:06.843+0000] {taskinstance.py:2170} INFO - Starting attempt 2 of 2
[2026-02-27T17:40:06.848+0000] {taskinstance.py:2191} INFO - Executing <Task(SQLExecuteQueryOperator): aggiorna_fact_movimenti> on 2026-02-27 17:35:05.018970+00:00
[2026-02-27T17:40:06.849+0000] {standard_task_runner.py:60} INFO - Started process 288 to run task
[2026-02-27T17:40:06.851+0000] {standard_task_runner.py:87} INFO - Running: ['airflow', 'tasks', 'run', 'pipeline_mar_ligure_v2', 'aggiorna_fact_movimenti', 'manual__2026-02-27T17:35:05.018970+00:00', '--job-id', '8', '--raw', '--subdir', 'DAGS_FOLDER/pipeline_logistica.py', '--cfg-path', '/tmp/tmpulc6gmnr']
[2026-02-27T17:40:06.852+0000] {standard_task_runner.py:88} INFO - Job 8: Subtask aggiorna_fact_movimenti
[2026-02-27T17:40:06.873+0000] {task_command.py:423} INFO - Running <TaskInstance: pipeline_mar_ligure_v2.aggiorna_fact_movimenti manual__2026-02-27T17:35:05.018970+00:00 [running]> on host 5b9b6da3d829
[2026-02-27T17:40:06.902+0000] {taskinstance.py:2480} INFO - Exporting env vars: AIRFLOW_CTX_DAG_OWNER='andrea' AIRFLOW_CTX_DAG_ID='pipeline_mar_ligure_v2' AIRFLOW_CTX_TASK_ID='aggiorna_fact_movimenti' AIRFLOW_CTX_EXECUTION_DATE='2026-02-27T17:35:05.018970+00:00' AIRFLOW_CTX_TRY_NUMBER='2' AIRFLOW_CTX_DAG_RUN_ID='manual__2026-02-27T17:35:05.018970+00:00'
[2026-02-27T17:40:06.902+0000] {sql.py:276} INFO - Executing: 
        TRUNCATE TABLE fact_movimenti;
        
        INSERT INTO fact_movimenti (mmsi, codice_zona, orario_arrivo, orario_partenza)
        WITH cambi_stato AS (
            SELECT 
                mmsi,
                terminal_zona,
                timestamp_utc,
                LAG(terminal_zona) OVER (PARTITION BY mmsi ORDER BY timestamp_utc) as zona_precedente
            FROM staging_ais_data
            WHERE mmsi IS NOT NULL
        ),
        arrivi_partenze AS (
            SELECT 
                mmsi,
                terminal_zona,
                timestamp_utc AS orario_arrivo,
                LEAD(timestamp_utc) OVER (PARTITION BY mmsi ORDER BY timestamp_utc) AS orario_partenza
            FROM cambi_stato
            WHERE terminal_zona IS DISTINCT FROM zona_precedente
        )
        SELECT 
            mmsi,
            terminal_zona AS codice_zona,
            orario_arrivo,
            orario_partenza
        FROM arrivi_partenze
        WHERE terminal_zona != 'ALTRO_LIGURIA' 
          AND orario_partenza IS NOT NULL;
        
[2026-02-27T17:40:06.906+0000] {base.py:83} INFO - Using connection ID 'connessione_db_tesi' for task execution.
[2026-02-27T17:40:06.910+0000] {base.py:83} INFO - Using connection ID 'connessione_db_tesi' for task execution.
[2026-02-27T17:40:06.912+0000] {sql.py:450} INFO - Running statement: 
        TRUNCATE TABLE fact_movimenti;
        
        INSERT INTO fact_movimenti (mmsi, codice_zona, orario_arrivo, orario_partenza)
        WITH cambi_stato AS (
            SELECT 
                mmsi,
                terminal_zona,
                timestamp_utc,
                LAG(terminal_zona) OVER (PARTITION BY mmsi ORDER BY timestamp_utc) as zona_precedente
            FROM staging_ais_data
            WHERE mmsi IS NOT NULL
        ),
        arrivi_partenze AS (
            SELECT 
                mmsi,
                terminal_zona,
                timestamp_utc AS orario_arrivo,
                LEAD(timestamp_utc) OVER (PARTITION BY mmsi ORDER BY timestamp_utc) AS orario_partenza
            FROM cambi_stato
            WHERE terminal_zona IS DISTINCT FROM zona_precedente
        )
        SELECT 
            mmsi,
            terminal_zona AS codice_zona,
            orario_arrivo,
            orario_partenza
        FROM arrivi_partenze
        WHERE terminal_zona != 'ALTRO_LIGURIA' 
          AND orario_partenza IS NOT NULL;
        , parameters: None
[2026-02-27T17:40:06.916+0000] {taskinstance.py:2698} ERROR - Task failed with exception
Traceback (most recent call last):
  File "/home/airflow/.local/lib/python3.8/site-packages/airflow/models/taskinstance.py", line 433, in _execute_task
    result = execute_callable(context=context, **execute_callable_kwargs)
  File "/home/airflow/.local/lib/python3.8/site-packages/airflow/providers/common/sql/operators/sql.py", line 282, in execute
    output = hook.run(
  File "/home/airflow/.local/lib/python3.8/site-packages/airflow/providers/common/sql/hooks/sql.py", line 398, in run
    self._run_command(cur, sql_statement, parameters)
  File "/home/airflow/.local/lib/python3.8/site-packages/airflow/providers/common/sql/hooks/sql.py", line 455, in _run_command
    cur.execute(sql_statement)
psycopg2.errors.ForeignKeyViolation: insert or update on table "fact_movimenti" violates foreign key constraint "fact_movimenti_mmsi_fkey"
DETAIL:  Key (mmsi)=(247225100) is not present in table "dim_navi".

[2026-02-27T17:40:06.921+0000] {taskinstance.py:1138} INFO - Marking task as FAILED. dag_id=pipeline_mar_ligure_v2, task_id=aggiorna_fact_movimenti, execution_date=20260227T173505, start_date=20260227T174006, end_date=20260227T174006
[2026-02-27T17:40:06.925+0000] {standard_task_runner.py:107} ERROR - Failed to execute job 8 for task aggiorna_fact_movimenti (insert or update on table "fact_movimenti" violates foreign key constraint "fact_movimenti_mmsi_fkey"
DETAIL:  Key (mmsi)=(247225100) is not present in table "dim_navi".
; 288)
[2026-02-27T17:40:06.951+0000] {local_task_job_runner.py:234} INFO - Task exited with return code 1
[2026-02-27T17:40:06.960+0000] {taskinstance.py:3280} INFO - 0 downstream tasks scheduled from follow-on schedule check
