[2026-02-27T17:44:53.637+0000] {taskinstance.py:1956} INFO - Dependencies all met for dep_context=non-requeueable deps ti=<TaskInstance: pipeline_mar_ligure_definitiva.aggiorna_dim_navi scheduled__2026-02-27T16:00:00+00:00 [queued]>
[2026-02-27T17:44:53.641+0000] {taskinstance.py:1956} INFO - Dependencies all met for dep_context=requeueable deps ti=<TaskInstance: pipeline_mar_ligure_definitiva.aggiorna_dim_navi scheduled__2026-02-27T16:00:00+00:00 [queued]>
[2026-02-27T17:44:53.642+0000] {taskinstance.py:2170} INFO - Starting attempt 1 of 2
[2026-02-27T17:44:53.650+0000] {taskinstance.py:2191} INFO - Executing <Task(SQLExecuteQueryOperator): aggiorna_dim_navi> on 2026-02-27 16:00:00+00:00
[2026-02-27T17:44:53.651+0000] {standard_task_runner.py:60} INFO - Started process 345 to run task
[2026-02-27T17:44:53.653+0000] {standard_task_runner.py:87} INFO - Running: ['airflow', 'tasks', 'run', 'pipeline_mar_ligure_definitiva', 'aggiorna_dim_navi', 'scheduled__2026-02-27T16:00:00+00:00', '--job-id', '11', '--raw', '--subdir', 'DAGS_FOLDER/pipeline_logistica.py', '--cfg-path', '/tmp/tmpe0wsnfg4']
[2026-02-27T17:44:53.654+0000] {standard_task_runner.py:88} INFO - Job 11: Subtask aggiorna_dim_navi
[2026-02-27T17:44:53.678+0000] {task_command.py:423} INFO - Running <TaskInstance: pipeline_mar_ligure_definitiva.aggiorna_dim_navi scheduled__2026-02-27T16:00:00+00:00 [running]> on host 5b9b6da3d829
[2026-02-27T17:44:53.713+0000] {taskinstance.py:2480} INFO - Exporting env vars: AIRFLOW_CTX_DAG_OWNER='andrea' AIRFLOW_CTX_DAG_ID='pipeline_mar_ligure_definitiva' AIRFLOW_CTX_TASK_ID='aggiorna_dim_navi' AIRFLOW_CTX_EXECUTION_DATE='2026-02-27T16:00:00+00:00' AIRFLOW_CTX_TRY_NUMBER='1' AIRFLOW_CTX_DAG_RUN_ID='scheduled__2026-02-27T16:00:00+00:00'
[2026-02-27T17:44:53.713+0000] {sql.py:276} INFO - Executing: 
        INSERT INTO dim_navi (mmsi, ship_name)
        SELECT mmsi, MAX(ship_name) AS ship_name
        FROM staging_ais_data
        WHERE mmsi IS NOT NULL
        GROUP BY mmsi
        ON CONFLICT (mmsi) DO NOTHING;
        
[2026-02-27T17:44:53.717+0000] {base.py:83} INFO - Using connection ID 'connessione_db_tesi' for task execution.
[2026-02-27T17:44:53.721+0000] {base.py:83} INFO - Using connection ID 'connessione_db_tesi' for task execution.
[2026-02-27T17:44:53.723+0000] {sql.py:450} INFO - Running statement: 
        INSERT INTO dim_navi (mmsi, ship_name)
        SELECT mmsi, MAX(ship_name) AS ship_name
        FROM staging_ais_data
        WHERE mmsi IS NOT NULL
        GROUP BY mmsi
        ON CONFLICT (mmsi) DO NOTHING;
        , parameters: None
[2026-02-27T17:44:53.724+0000] {sql.py:459} INFO - Rows affected: 0
[2026-02-27T17:44:53.728+0000] {taskinstance.py:1138} INFO - Marking task as SUCCESS. dag_id=pipeline_mar_ligure_definitiva, task_id=aggiorna_dim_navi, execution_date=20260227T160000, start_date=20260227T174453, end_date=20260227T174453
[2026-02-27T17:44:53.751+0000] {local_task_job_runner.py:234} INFO - Task exited with return code 0
[2026-02-27T17:44:53.763+0000] {taskinstance.py:3280} INFO - 1 downstream tasks scheduled from follow-on schedule check
