[2026-02-27T17:31:15.668+0000] {processor.py:161} INFO - Started process (PID=180) to work on /opt/airflow/dags/pipeline_logistica.py
[2026-02-27T17:31:15.668+0000] {processor.py:830} INFO - Processing file /opt/airflow/dags/pipeline_logistica.py for tasks to queue
[2026-02-27T17:31:15.669+0000] {logging_mixin.py:188} INFO - [2026-02-27T17:31:15.669+0000] {dagbag.py:538} INFO - Filling up the DagBag from /opt/airflow/dags/pipeline_logistica.py
[2026-02-27T17:31:15.686+0000] {processor.py:840} INFO - DAG(s) 'pipeline_mar_ligure_v1' retrieved from /opt/airflow/dags/pipeline_logistica.py
[2026-02-27T17:31:15.774+0000] {logging_mixin.py:188} INFO - [2026-02-27T17:31:15.774+0000] {override.py:1769} INFO - Created Permission View: can delete on DAG:pipeline_mar_ligure_v1
[2026-02-27T17:31:15.777+0000] {logging_mixin.py:188} INFO - [2026-02-27T17:31:15.777+0000] {override.py:1769} INFO - Created Permission View: can edit on DAG:pipeline_mar_ligure_v1
[2026-02-27T17:31:15.779+0000] {logging_mixin.py:188} INFO - [2026-02-27T17:31:15.779+0000] {override.py:1769} INFO - Created Permission View: can read on DAG:pipeline_mar_ligure_v1
[2026-02-27T17:31:15.779+0000] {logging_mixin.py:188} INFO - [2026-02-27T17:31:15.779+0000] {dag.py:3036} INFO - Sync 1 DAGs
[2026-02-27T17:31:15.783+0000] {logging_mixin.py:188} INFO - [2026-02-27T17:31:15.783+0000] {dag.py:3058} INFO - Creating ORM DAG for pipeline_mar_ligure_v1
[2026-02-27T17:31:15.787+0000] {logging_mixin.py:188} INFO - [2026-02-27T17:31:15.787+0000] {dag.py:3823} INFO - Setting next_dagrun for pipeline_mar_ligure_v1 to 2026-02-27 16:00:00+00:00, run_after=2026-02-27 17:00:00+00:00
[2026-02-27T17:31:15.794+0000] {processor.py:183} INFO - Processing /opt/airflow/dags/pipeline_logistica.py took 0.128 seconds
[2026-02-27T17:31:45.886+0000] {processor.py:161} INFO - Started process (PID=185) to work on /opt/airflow/dags/pipeline_logistica.py
[2026-02-27T17:31:45.886+0000] {processor.py:830} INFO - Processing file /opt/airflow/dags/pipeline_logistica.py for tasks to queue
[2026-02-27T17:31:45.887+0000] {logging_mixin.py:188} INFO - [2026-02-27T17:31:45.886+0000] {dagbag.py:538} INFO - Filling up the DagBag from /opt/airflow/dags/pipeline_logistica.py
[2026-02-27T17:31:45.895+0000] {processor.py:840} INFO - DAG(s) 'pipeline_mar_ligure_v1' retrieved from /opt/airflow/dags/pipeline_logistica.py
[2026-02-27T17:31:45.910+0000] {logging_mixin.py:188} INFO - [2026-02-27T17:31:45.910+0000] {dag.py:3036} INFO - Sync 1 DAGs
[2026-02-27T17:31:45.920+0000] {logging_mixin.py:188} INFO - [2026-02-27T17:31:45.920+0000] {dag.py:3823} INFO - Setting next_dagrun for pipeline_mar_ligure_v1 to 2026-02-27 16:00:00+00:00, run_after=2026-02-27 17:00:00+00:00
[2026-02-27T17:31:45.928+0000] {processor.py:183} INFO - Processing /opt/airflow/dags/pipeline_logistica.py took 0.044 seconds
[2026-02-27T17:31:53.973+0000] {processor.py:161} INFO - Started process (PID=190) to work on /opt/airflow/dags/pipeline_logistica.py
[2026-02-27T17:31:53.974+0000] {processor.py:830} INFO - Processing file /opt/airflow/dags/pipeline_logistica.py for tasks to queue
[2026-02-27T17:31:53.975+0000] {logging_mixin.py:188} INFO - [2026-02-27T17:31:53.974+0000] {dagbag.py:538} INFO - Filling up the DagBag from /opt/airflow/dags/pipeline_logistica.py
[2026-02-27T17:31:53.987+0000] {processor.py:840} INFO - DAG(s) 'pipeline_mar_ligure_v2' retrieved from /opt/airflow/dags/pipeline_logistica.py
[2026-02-27T17:31:54.033+0000] {logging_mixin.py:188} INFO - [2026-02-27T17:31:54.033+0000] {override.py:1769} INFO - Created Permission View: can delete on DAG:pipeline_mar_ligure_v2
[2026-02-27T17:31:54.036+0000] {logging_mixin.py:188} INFO - [2026-02-27T17:31:54.036+0000] {override.py:1769} INFO - Created Permission View: can edit on DAG:pipeline_mar_ligure_v2
[2026-02-27T17:31:54.038+0000] {logging_mixin.py:188} INFO - [2026-02-27T17:31:54.038+0000] {override.py:1769} INFO - Created Permission View: can read on DAG:pipeline_mar_ligure_v2
[2026-02-27T17:31:54.038+0000] {logging_mixin.py:188} INFO - [2026-02-27T17:31:54.038+0000] {dag.py:3036} INFO - Sync 1 DAGs
[2026-02-27T17:31:54.042+0000] {logging_mixin.py:188} INFO - [2026-02-27T17:31:54.042+0000] {dag.py:3058} INFO - Creating ORM DAG for pipeline_mar_ligure_v2
[2026-02-27T17:31:54.045+0000] {logging_mixin.py:188} INFO - [2026-02-27T17:31:54.045+0000] {dag.py:3823} INFO - Setting next_dagrun for pipeline_mar_ligure_v2 to 2026-02-27 16:00:00+00:00, run_after=2026-02-27 17:00:00+00:00
[2026-02-27T17:31:54.052+0000] {processor.py:183} INFO - Processing /opt/airflow/dags/pipeline_logistica.py took 0.082 seconds
[2026-02-27T17:32:24.280+0000] {processor.py:161} INFO - Started process (PID=195) to work on /opt/airflow/dags/pipeline_logistica.py
[2026-02-27T17:32:24.281+0000] {processor.py:830} INFO - Processing file /opt/airflow/dags/pipeline_logistica.py for tasks to queue
[2026-02-27T17:32:24.285+0000] {logging_mixin.py:188} INFO - [2026-02-27T17:32:24.285+0000] {dagbag.py:538} INFO - Filling up the DagBag from /opt/airflow/dags/pipeline_logistica.py
[2026-02-27T17:32:24.292+0000] {processor.py:840} INFO - DAG(s) 'pipeline_mar_ligure_v2' retrieved from /opt/airflow/dags/pipeline_logistica.py
[2026-02-27T17:32:24.306+0000] {logging_mixin.py:188} INFO - [2026-02-27T17:32:24.306+0000] {dag.py:3036} INFO - Sync 1 DAGs
[2026-02-27T17:32:24.315+0000] {logging_mixin.py:188} INFO - [2026-02-27T17:32:24.315+0000] {dag.py:3823} INFO - Setting next_dagrun for pipeline_mar_ligure_v2 to 2026-02-27 16:00:00+00:00, run_after=2026-02-27 17:00:00+00:00
[2026-02-27T17:32:24.322+0000] {processor.py:183} INFO - Processing /opt/airflow/dags/pipeline_logistica.py took 0.045 seconds
[2026-02-27T17:32:54.507+0000] {processor.py:161} INFO - Started process (PID=200) to work on /opt/airflow/dags/pipeline_logistica.py
[2026-02-27T17:32:54.508+0000] {processor.py:830} INFO - Processing file /opt/airflow/dags/pipeline_logistica.py for tasks to queue
[2026-02-27T17:32:54.508+0000] {logging_mixin.py:188} INFO - [2026-02-27T17:32:54.508+0000] {dagbag.py:538} INFO - Filling up the DagBag from /opt/airflow/dags/pipeline_logistica.py
[2026-02-27T17:32:54.517+0000] {processor.py:840} INFO - DAG(s) 'pipeline_mar_ligure_v2' retrieved from /opt/airflow/dags/pipeline_logistica.py
[2026-02-27T17:32:54.534+0000] {logging_mixin.py:188} INFO - [2026-02-27T17:32:54.534+0000] {dag.py:3036} INFO - Sync 1 DAGs
[2026-02-27T17:32:54.544+0000] {logging_mixin.py:188} INFO - [2026-02-27T17:32:54.544+0000] {dag.py:3823} INFO - Setting next_dagrun for pipeline_mar_ligure_v2 to 2026-02-27 16:00:00+00:00, run_after=2026-02-27 17:00:00+00:00
[2026-02-27T17:32:54.552+0000] {processor.py:183} INFO - Processing /opt/airflow/dags/pipeline_logistica.py took 0.048 seconds
[2026-02-27T17:33:24.771+0000] {processor.py:161} INFO - Started process (PID=205) to work on /opt/airflow/dags/pipeline_logistica.py
[2026-02-27T17:33:24.772+0000] {processor.py:830} INFO - Processing file /opt/airflow/dags/pipeline_logistica.py for tasks to queue
[2026-02-27T17:33:24.773+0000] {logging_mixin.py:188} INFO - [2026-02-27T17:33:24.772+0000] {dagbag.py:538} INFO - Filling up the DagBag from /opt/airflow/dags/pipeline_logistica.py
[2026-02-27T17:33:24.782+0000] {processor.py:840} INFO - DAG(s) 'pipeline_mar_ligure_v2' retrieved from /opt/airflow/dags/pipeline_logistica.py
[2026-02-27T17:33:24.799+0000] {logging_mixin.py:188} INFO - [2026-02-27T17:33:24.799+0000] {dag.py:3036} INFO - Sync 1 DAGs
[2026-02-27T17:33:24.809+0000] {logging_mixin.py:188} INFO - [2026-02-27T17:33:24.809+0000] {dag.py:3823} INFO - Setting next_dagrun for pipeline_mar_ligure_v2 to 2026-02-27 16:00:00+00:00, run_after=2026-02-27 17:00:00+00:00
[2026-02-27T17:33:24.816+0000] {processor.py:183} INFO - Processing /opt/airflow/dags/pipeline_logistica.py took 0.048 seconds
[2026-02-27T17:33:55.088+0000] {processor.py:161} INFO - Started process (PID=214) to work on /opt/airflow/dags/pipeline_logistica.py
[2026-02-27T17:33:55.089+0000] {processor.py:830} INFO - Processing file /opt/airflow/dags/pipeline_logistica.py for tasks to queue
[2026-02-27T17:33:55.089+0000] {logging_mixin.py:188} INFO - [2026-02-27T17:33:55.089+0000] {dagbag.py:538} INFO - Filling up the DagBag from /opt/airflow/dags/pipeline_logistica.py
[2026-02-27T17:33:55.099+0000] {processor.py:840} INFO - DAG(s) 'pipeline_mar_ligure_v2' retrieved from /opt/airflow/dags/pipeline_logistica.py
[2026-02-27T17:33:55.115+0000] {logging_mixin.py:188} INFO - [2026-02-27T17:33:55.115+0000] {dag.py:3036} INFO - Sync 1 DAGs
[2026-02-27T17:33:55.125+0000] {logging_mixin.py:188} INFO - [2026-02-27T17:33:55.125+0000] {dag.py:3823} INFO - Setting next_dagrun for pipeline_mar_ligure_v2 to 2026-02-27 17:00:00+00:00, run_after=2026-02-27 18:00:00+00:00
[2026-02-27T17:33:55.132+0000] {processor.py:183} INFO - Processing /opt/airflow/dags/pipeline_logistica.py took 0.047 seconds
[2026-02-27T17:34:25.387+0000] {processor.py:161} INFO - Started process (PID=219) to work on /opt/airflow/dags/pipeline_logistica.py
[2026-02-27T17:34:25.388+0000] {processor.py:830} INFO - Processing file /opt/airflow/dags/pipeline_logistica.py for tasks to queue
[2026-02-27T17:34:25.389+0000] {logging_mixin.py:188} INFO - [2026-02-27T17:34:25.389+0000] {dagbag.py:538} INFO - Filling up the DagBag from /opt/airflow/dags/pipeline_logistica.py
[2026-02-27T17:34:25.397+0000] {processor.py:840} INFO - DAG(s) 'pipeline_mar_ligure_v2' retrieved from /opt/airflow/dags/pipeline_logistica.py
[2026-02-27T17:34:25.415+0000] {logging_mixin.py:188} INFO - [2026-02-27T17:34:25.414+0000] {dag.py:3036} INFO - Sync 1 DAGs
[2026-02-27T17:34:25.427+0000] {logging_mixin.py:188} INFO - [2026-02-27T17:34:25.426+0000] {dag.py:3823} INFO - Setting next_dagrun for pipeline_mar_ligure_v2 to 2026-02-27 17:00:00+00:00, run_after=2026-02-27 18:00:00+00:00
[2026-02-27T17:34:25.435+0000] {processor.py:183} INFO - Processing /opt/airflow/dags/pipeline_logistica.py took 0.051 seconds
[2026-02-27T17:34:55.637+0000] {processor.py:161} INFO - Started process (PID=224) to work on /opt/airflow/dags/pipeline_logistica.py
[2026-02-27T17:34:55.639+0000] {processor.py:830} INFO - Processing file /opt/airflow/dags/pipeline_logistica.py for tasks to queue
[2026-02-27T17:34:55.640+0000] {logging_mixin.py:188} INFO - [2026-02-27T17:34:55.640+0000] {dagbag.py:538} INFO - Filling up the DagBag from /opt/airflow/dags/pipeline_logistica.py
[2026-02-27T17:34:55.650+0000] {processor.py:840} INFO - DAG(s) 'pipeline_mar_ligure_v2' retrieved from /opt/airflow/dags/pipeline_logistica.py
[2026-02-27T17:34:55.665+0000] {logging_mixin.py:188} INFO - [2026-02-27T17:34:55.665+0000] {dag.py:3036} INFO - Sync 1 DAGs
[2026-02-27T17:34:55.675+0000] {logging_mixin.py:188} INFO - [2026-02-27T17:34:55.675+0000] {dag.py:3823} INFO - Setting next_dagrun for pipeline_mar_ligure_v2 to 2026-02-27 17:00:00+00:00, run_after=2026-02-27 18:00:00+00:00
[2026-02-27T17:34:55.682+0000] {processor.py:183} INFO - Processing /opt/airflow/dags/pipeline_logistica.py took 0.049 seconds
[2026-02-27T17:35:25.924+0000] {processor.py:161} INFO - Started process (PID=231) to work on /opt/airflow/dags/pipeline_logistica.py
[2026-02-27T17:35:25.925+0000] {processor.py:830} INFO - Processing file /opt/airflow/dags/pipeline_logistica.py for tasks to queue
[2026-02-27T17:35:25.925+0000] {logging_mixin.py:188} INFO - [2026-02-27T17:35:25.925+0000] {dagbag.py:538} INFO - Filling up the DagBag from /opt/airflow/dags/pipeline_logistica.py
[2026-02-27T17:35:25.935+0000] {processor.py:840} INFO - DAG(s) 'pipeline_mar_ligure_v2' retrieved from /opt/airflow/dags/pipeline_logistica.py
[2026-02-27T17:35:25.950+0000] {logging_mixin.py:188} INFO - [2026-02-27T17:35:25.950+0000] {dag.py:3036} INFO - Sync 1 DAGs
[2026-02-27T17:35:25.962+0000] {logging_mixin.py:188} INFO - [2026-02-27T17:35:25.962+0000] {dag.py:3823} INFO - Setting next_dagrun for pipeline_mar_ligure_v2 to 2026-02-27 17:00:00+00:00, run_after=2026-02-27 18:00:00+00:00
[2026-02-27T17:35:25.969+0000] {processor.py:183} INFO - Processing /opt/airflow/dags/pipeline_logistica.py took 0.048 seconds
[2026-02-27T17:35:56.168+0000] {processor.py:161} INFO - Started process (PID=236) to work on /opt/airflow/dags/pipeline_logistica.py
[2026-02-27T17:35:56.169+0000] {processor.py:830} INFO - Processing file /opt/airflow/dags/pipeline_logistica.py for tasks to queue
[2026-02-27T17:35:56.170+0000] {logging_mixin.py:188} INFO - [2026-02-27T17:35:56.170+0000] {dagbag.py:538} INFO - Filling up the DagBag from /opt/airflow/dags/pipeline_logistica.py
[2026-02-27T17:35:56.179+0000] {processor.py:840} INFO - DAG(s) 'pipeline_mar_ligure_v2' retrieved from /opt/airflow/dags/pipeline_logistica.py
[2026-02-27T17:35:56.196+0000] {logging_mixin.py:188} INFO - [2026-02-27T17:35:56.196+0000] {dag.py:3036} INFO - Sync 1 DAGs
[2026-02-27T17:35:56.206+0000] {logging_mixin.py:188} INFO - [2026-02-27T17:35:56.206+0000] {dag.py:3823} INFO - Setting next_dagrun for pipeline_mar_ligure_v2 to 2026-02-27 17:00:00+00:00, run_after=2026-02-27 18:00:00+00:00
[2026-02-27T17:35:56.214+0000] {processor.py:183} INFO - Processing /opt/airflow/dags/pipeline_logistica.py took 0.049 seconds
[2026-02-27T17:36:26.463+0000] {processor.py:161} INFO - Started process (PID=241) to work on /opt/airflow/dags/pipeline_logistica.py
[2026-02-27T17:36:26.464+0000] {processor.py:830} INFO - Processing file /opt/airflow/dags/pipeline_logistica.py for tasks to queue
[2026-02-27T17:36:26.465+0000] {logging_mixin.py:188} INFO - [2026-02-27T17:36:26.464+0000] {dagbag.py:538} INFO - Filling up the DagBag from /opt/airflow/dags/pipeline_logistica.py
[2026-02-27T17:36:26.475+0000] {processor.py:840} INFO - DAG(s) 'pipeline_mar_ligure_v2' retrieved from /opt/airflow/dags/pipeline_logistica.py
[2026-02-27T17:36:26.493+0000] {logging_mixin.py:188} INFO - [2026-02-27T17:36:26.493+0000] {dag.py:3036} INFO - Sync 1 DAGs
[2026-02-27T17:36:26.505+0000] {logging_mixin.py:188} INFO - [2026-02-27T17:36:26.504+0000] {dag.py:3823} INFO - Setting next_dagrun for pipeline_mar_ligure_v2 to 2026-02-27 17:00:00+00:00, run_after=2026-02-27 18:00:00+00:00
[2026-02-27T17:36:26.512+0000] {processor.py:183} INFO - Processing /opt/airflow/dags/pipeline_logistica.py took 0.054 seconds
[2026-02-27T17:36:56.756+0000] {processor.py:161} INFO - Started process (PID=246) to work on /opt/airflow/dags/pipeline_logistica.py
[2026-02-27T17:36:56.757+0000] {processor.py:830} INFO - Processing file /opt/airflow/dags/pipeline_logistica.py for tasks to queue
[2026-02-27T17:36:56.758+0000] {logging_mixin.py:188} INFO - [2026-02-27T17:36:56.758+0000] {dagbag.py:538} INFO - Filling up the DagBag from /opt/airflow/dags/pipeline_logistica.py
[2026-02-27T17:36:56.767+0000] {processor.py:840} INFO - DAG(s) 'pipeline_mar_ligure_v2' retrieved from /opt/airflow/dags/pipeline_logistica.py
[2026-02-27T17:36:56.786+0000] {logging_mixin.py:188} INFO - [2026-02-27T17:36:56.785+0000] {dag.py:3036} INFO - Sync 1 DAGs
[2026-02-27T17:36:56.797+0000] {logging_mixin.py:188} INFO - [2026-02-27T17:36:56.797+0000] {dag.py:3823} INFO - Setting next_dagrun for pipeline_mar_ligure_v2 to 2026-02-27 17:00:00+00:00, run_after=2026-02-27 18:00:00+00:00
[2026-02-27T17:36:56.805+0000] {processor.py:183} INFO - Processing /opt/airflow/dags/pipeline_logistica.py took 0.052 seconds
[2026-02-27T17:37:27.054+0000] {processor.py:161} INFO - Started process (PID=251) to work on /opt/airflow/dags/pipeline_logistica.py
[2026-02-27T17:37:27.054+0000] {processor.py:830} INFO - Processing file /opt/airflow/dags/pipeline_logistica.py for tasks to queue
[2026-02-27T17:37:27.055+0000] {logging_mixin.py:188} INFO - [2026-02-27T17:37:27.055+0000] {dagbag.py:538} INFO - Filling up the DagBag from /opt/airflow/dags/pipeline_logistica.py
[2026-02-27T17:37:27.061+0000] {processor.py:840} INFO - DAG(s) 'pipeline_mar_ligure_v2' retrieved from /opt/airflow/dags/pipeline_logistica.py
[2026-02-27T17:37:27.075+0000] {logging_mixin.py:188} INFO - [2026-02-27T17:37:27.074+0000] {dag.py:3036} INFO - Sync 1 DAGs
[2026-02-27T17:37:27.083+0000] {logging_mixin.py:188} INFO - [2026-02-27T17:37:27.083+0000] {dag.py:3823} INFO - Setting next_dagrun for pipeline_mar_ligure_v2 to 2026-02-27 17:00:00+00:00, run_after=2026-02-27 18:00:00+00:00
[2026-02-27T17:37:27.091+0000] {processor.py:183} INFO - Processing /opt/airflow/dags/pipeline_logistica.py took 0.039 seconds
[2026-02-27T17:37:57.353+0000] {processor.py:161} INFO - Started process (PID=256) to work on /opt/airflow/dags/pipeline_logistica.py
[2026-02-27T17:37:57.353+0000] {processor.py:830} INFO - Processing file /opt/airflow/dags/pipeline_logistica.py for tasks to queue
[2026-02-27T17:37:57.354+0000] {logging_mixin.py:188} INFO - [2026-02-27T17:37:57.354+0000] {dagbag.py:538} INFO - Filling up the DagBag from /opt/airflow/dags/pipeline_logistica.py
[2026-02-27T17:37:57.362+0000] {processor.py:840} INFO - DAG(s) 'pipeline_mar_ligure_v2' retrieved from /opt/airflow/dags/pipeline_logistica.py
[2026-02-27T17:37:57.378+0000] {logging_mixin.py:188} INFO - [2026-02-27T17:37:57.378+0000] {dag.py:3036} INFO - Sync 1 DAGs
[2026-02-27T17:37:57.388+0000] {logging_mixin.py:188} INFO - [2026-02-27T17:37:57.388+0000] {dag.py:3823} INFO - Setting next_dagrun for pipeline_mar_ligure_v2 to 2026-02-27 17:00:00+00:00, run_after=2026-02-27 18:00:00+00:00
[2026-02-27T17:37:57.397+0000] {processor.py:183} INFO - Processing /opt/airflow/dags/pipeline_logistica.py took 0.047 seconds
[2026-02-27T17:38:27.630+0000] {processor.py:161} INFO - Started process (PID=261) to work on /opt/airflow/dags/pipeline_logistica.py
[2026-02-27T17:38:27.632+0000] {processor.py:830} INFO - Processing file /opt/airflow/dags/pipeline_logistica.py for tasks to queue
[2026-02-27T17:38:27.633+0000] {logging_mixin.py:188} INFO - [2026-02-27T17:38:27.632+0000] {dagbag.py:538} INFO - Filling up the DagBag from /opt/airflow/dags/pipeline_logistica.py
[2026-02-27T17:38:27.645+0000] {processor.py:840} INFO - DAG(s) 'pipeline_mar_ligure_v2' retrieved from /opt/airflow/dags/pipeline_logistica.py
[2026-02-27T17:38:27.666+0000] {logging_mixin.py:188} INFO - [2026-02-27T17:38:27.666+0000] {dag.py:3036} INFO - Sync 1 DAGs
[2026-02-27T17:38:27.677+0000] {logging_mixin.py:188} INFO - [2026-02-27T17:38:27.677+0000] {dag.py:3823} INFO - Setting next_dagrun for pipeline_mar_ligure_v2 to 2026-02-27 17:00:00+00:00, run_after=2026-02-27 18:00:00+00:00
[2026-02-27T17:38:27.685+0000] {processor.py:183} INFO - Processing /opt/airflow/dags/pipeline_logistica.py took 0.059 seconds
[2026-02-27T17:38:57.907+0000] {processor.py:161} INFO - Started process (PID=270) to work on /opt/airflow/dags/pipeline_logistica.py
[2026-02-27T17:38:57.908+0000] {processor.py:830} INFO - Processing file /opt/airflow/dags/pipeline_logistica.py for tasks to queue
[2026-02-27T17:38:57.909+0000] {logging_mixin.py:188} INFO - [2026-02-27T17:38:57.909+0000] {dagbag.py:538} INFO - Filling up the DagBag from /opt/airflow/dags/pipeline_logistica.py
[2026-02-27T17:38:57.920+0000] {processor.py:840} INFO - DAG(s) 'pipeline_mar_ligure_v2' retrieved from /opt/airflow/dags/pipeline_logistica.py
[2026-02-27T17:38:57.938+0000] {logging_mixin.py:188} INFO - [2026-02-27T17:38:57.937+0000] {dag.py:3036} INFO - Sync 1 DAGs
[2026-02-27T17:38:57.949+0000] {logging_mixin.py:188} INFO - [2026-02-27T17:38:57.949+0000] {dag.py:3823} INFO - Setting next_dagrun for pipeline_mar_ligure_v2 to 2026-02-27 17:00:00+00:00, run_after=2026-02-27 18:00:00+00:00
[2026-02-27T17:38:57.957+0000] {processor.py:183} INFO - Processing /opt/airflow/dags/pipeline_logistica.py took 0.054 seconds
[2026-02-27T17:39:28.200+0000] {processor.py:161} INFO - Started process (PID=275) to work on /opt/airflow/dags/pipeline_logistica.py
[2026-02-27T17:39:28.201+0000] {processor.py:830} INFO - Processing file /opt/airflow/dags/pipeline_logistica.py for tasks to queue
[2026-02-27T17:39:28.202+0000] {logging_mixin.py:188} INFO - [2026-02-27T17:39:28.201+0000] {dagbag.py:538} INFO - Filling up the DagBag from /opt/airflow/dags/pipeline_logistica.py
[2026-02-27T17:39:28.211+0000] {processor.py:840} INFO - DAG(s) 'pipeline_mar_ligure_v2' retrieved from /opt/airflow/dags/pipeline_logistica.py
[2026-02-27T17:39:28.229+0000] {logging_mixin.py:188} INFO - [2026-02-27T17:39:28.229+0000] {dag.py:3036} INFO - Sync 1 DAGs
[2026-02-27T17:39:28.240+0000] {logging_mixin.py:188} INFO - [2026-02-27T17:39:28.240+0000] {dag.py:3823} INFO - Setting next_dagrun for pipeline_mar_ligure_v2 to 2026-02-27 17:00:00+00:00, run_after=2026-02-27 18:00:00+00:00
[2026-02-27T17:39:28.247+0000] {processor.py:183} INFO - Processing /opt/airflow/dags/pipeline_logistica.py took 0.051 seconds
[2026-02-27T17:39:58.493+0000] {processor.py:161} INFO - Started process (PID=282) to work on /opt/airflow/dags/pipeline_logistica.py
[2026-02-27T17:39:58.494+0000] {processor.py:830} INFO - Processing file /opt/airflow/dags/pipeline_logistica.py for tasks to queue
[2026-02-27T17:39:58.495+0000] {logging_mixin.py:188} INFO - [2026-02-27T17:39:58.494+0000] {dagbag.py:538} INFO - Filling up the DagBag from /opt/airflow/dags/pipeline_logistica.py
[2026-02-27T17:39:58.504+0000] {processor.py:840} INFO - DAG(s) 'pipeline_mar_ligure_v2' retrieved from /opt/airflow/dags/pipeline_logistica.py
[2026-02-27T17:39:58.521+0000] {logging_mixin.py:188} INFO - [2026-02-27T17:39:58.521+0000] {dag.py:3036} INFO - Sync 1 DAGs
[2026-02-27T17:39:58.531+0000] {logging_mixin.py:188} INFO - [2026-02-27T17:39:58.530+0000] {dag.py:3823} INFO - Setting next_dagrun for pipeline_mar_ligure_v2 to 2026-02-27 17:00:00+00:00, run_after=2026-02-27 18:00:00+00:00
[2026-02-27T17:39:58.538+0000] {processor.py:183} INFO - Processing /opt/airflow/dags/pipeline_logistica.py took 0.048 seconds
[2026-02-27T17:40:28.774+0000] {processor.py:161} INFO - Started process (PID=289) to work on /opt/airflow/dags/pipeline_logistica.py
[2026-02-27T17:40:28.774+0000] {processor.py:830} INFO - Processing file /opt/airflow/dags/pipeline_logistica.py for tasks to queue
[2026-02-27T17:40:28.775+0000] {logging_mixin.py:188} INFO - [2026-02-27T17:40:28.775+0000] {dagbag.py:538} INFO - Filling up the DagBag from /opt/airflow/dags/pipeline_logistica.py
[2026-02-27T17:40:28.784+0000] {processor.py:840} INFO - DAG(s) 'pipeline_mar_ligure_v2' retrieved from /opt/airflow/dags/pipeline_logistica.py
[2026-02-27T17:40:28.802+0000] {logging_mixin.py:188} INFO - [2026-02-27T17:40:28.802+0000] {dag.py:3036} INFO - Sync 1 DAGs
[2026-02-27T17:40:28.812+0000] {logging_mixin.py:188} INFO - [2026-02-27T17:40:28.812+0000] {dag.py:3823} INFO - Setting next_dagrun for pipeline_mar_ligure_v2 to 2026-02-27 17:00:00+00:00, run_after=2026-02-27 18:00:00+00:00
[2026-02-27T17:40:28.819+0000] {processor.py:183} INFO - Processing /opt/airflow/dags/pipeline_logistica.py took 0.049 seconds
[2026-02-27T17:40:59.050+0000] {processor.py:161} INFO - Started process (PID=294) to work on /opt/airflow/dags/pipeline_logistica.py
[2026-02-27T17:40:59.051+0000] {processor.py:830} INFO - Processing file /opt/airflow/dags/pipeline_logistica.py for tasks to queue
[2026-02-27T17:40:59.051+0000] {logging_mixin.py:188} INFO - [2026-02-27T17:40:59.051+0000] {dagbag.py:538} INFO - Filling up the DagBag from /opt/airflow/dags/pipeline_logistica.py
[2026-02-27T17:40:59.061+0000] {processor.py:840} INFO - DAG(s) 'pipeline_mar_ligure_v2' retrieved from /opt/airflow/dags/pipeline_logistica.py
[2026-02-27T17:40:59.078+0000] {logging_mixin.py:188} INFO - [2026-02-27T17:40:59.078+0000] {dag.py:3036} INFO - Sync 1 DAGs
[2026-02-27T17:40:59.089+0000] {logging_mixin.py:188} INFO - [2026-02-27T17:40:59.089+0000] {dag.py:3823} INFO - Setting next_dagrun for pipeline_mar_ligure_v2 to 2026-02-27 17:00:00+00:00, run_after=2026-02-27 18:00:00+00:00
[2026-02-27T17:40:59.097+0000] {processor.py:183} INFO - Processing /opt/airflow/dags/pipeline_logistica.py took 0.050 seconds
[2026-02-27T17:41:29.354+0000] {processor.py:161} INFO - Started process (PID=299) to work on /opt/airflow/dags/pipeline_logistica.py
[2026-02-27T17:41:29.356+0000] {processor.py:830} INFO - Processing file /opt/airflow/dags/pipeline_logistica.py for tasks to queue
[2026-02-27T17:41:29.356+0000] {logging_mixin.py:188} INFO - [2026-02-27T17:41:29.356+0000] {dagbag.py:538} INFO - Filling up the DagBag from /opt/airflow/dags/pipeline_logistica.py
[2026-02-27T17:41:29.367+0000] {processor.py:840} INFO - DAG(s) 'pipeline_mar_ligure_v2' retrieved from /opt/airflow/dags/pipeline_logistica.py
[2026-02-27T17:41:29.384+0000] {logging_mixin.py:188} INFO - [2026-02-27T17:41:29.384+0000] {dag.py:3036} INFO - Sync 1 DAGs
[2026-02-27T17:41:29.396+0000] {logging_mixin.py:188} INFO - [2026-02-27T17:41:29.395+0000] {dag.py:3823} INFO - Setting next_dagrun for pipeline_mar_ligure_v2 to 2026-02-27 17:00:00+00:00, run_after=2026-02-27 18:00:00+00:00
[2026-02-27T17:41:29.403+0000] {processor.py:183} INFO - Processing /opt/airflow/dags/pipeline_logistica.py took 0.053 seconds
[2026-02-27T17:41:59.598+0000] {processor.py:161} INFO - Started process (PID=304) to work on /opt/airflow/dags/pipeline_logistica.py
[2026-02-27T17:41:59.598+0000] {processor.py:830} INFO - Processing file /opt/airflow/dags/pipeline_logistica.py for tasks to queue
[2026-02-27T17:41:59.599+0000] {logging_mixin.py:188} INFO - [2026-02-27T17:41:59.599+0000] {dagbag.py:538} INFO - Filling up the DagBag from /opt/airflow/dags/pipeline_logistica.py
[2026-02-27T17:41:59.606+0000] {processor.py:840} INFO - DAG(s) 'pipeline_mar_ligure_v2' retrieved from /opt/airflow/dags/pipeline_logistica.py
[2026-02-27T17:41:59.622+0000] {logging_mixin.py:188} INFO - [2026-02-27T17:41:59.622+0000] {dag.py:3036} INFO - Sync 1 DAGs
[2026-02-27T17:41:59.633+0000] {logging_mixin.py:188} INFO - [2026-02-27T17:41:59.633+0000] {dag.py:3823} INFO - Setting next_dagrun for pipeline_mar_ligure_v2 to 2026-02-27 17:00:00+00:00, run_after=2026-02-27 18:00:00+00:00
[2026-02-27T17:41:59.641+0000] {processor.py:183} INFO - Processing /opt/airflow/dags/pipeline_logistica.py took 0.046 seconds
[2026-02-27T17:42:29.881+0000] {processor.py:161} INFO - Started process (PID=309) to work on /opt/airflow/dags/pipeline_logistica.py
[2026-02-27T17:42:29.882+0000] {processor.py:830} INFO - Processing file /opt/airflow/dags/pipeline_logistica.py for tasks to queue
[2026-02-27T17:42:29.883+0000] {logging_mixin.py:188} INFO - [2026-02-27T17:42:29.882+0000] {dagbag.py:538} INFO - Filling up the DagBag from /opt/airflow/dags/pipeline_logistica.py
[2026-02-27T17:42:29.892+0000] {processor.py:840} INFO - DAG(s) 'pipeline_mar_ligure_v2' retrieved from /opt/airflow/dags/pipeline_logistica.py
[2026-02-27T17:42:29.909+0000] {logging_mixin.py:188} INFO - [2026-02-27T17:42:29.909+0000] {dag.py:3036} INFO - Sync 1 DAGs
[2026-02-27T17:42:29.919+0000] {logging_mixin.py:188} INFO - [2026-02-27T17:42:29.919+0000] {dag.py:3823} INFO - Setting next_dagrun for pipeline_mar_ligure_v2 to 2026-02-27 17:00:00+00:00, run_after=2026-02-27 18:00:00+00:00
[2026-02-27T17:42:29.926+0000] {processor.py:183} INFO - Processing /opt/airflow/dags/pipeline_logistica.py took 0.048 seconds
[2026-02-27T17:43:00.156+0000] {processor.py:161} INFO - Started process (PID=316) to work on /opt/airflow/dags/pipeline_logistica.py
[2026-02-27T17:43:00.157+0000] {processor.py:830} INFO - Processing file /opt/airflow/dags/pipeline_logistica.py for tasks to queue
[2026-02-27T17:43:00.157+0000] {logging_mixin.py:188} INFO - [2026-02-27T17:43:00.157+0000] {dagbag.py:538} INFO - Filling up the DagBag from /opt/airflow/dags/pipeline_logistica.py
[2026-02-27T17:43:00.167+0000] {processor.py:840} INFO - DAG(s) 'pipeline_mar_ligure_v2' retrieved from /opt/airflow/dags/pipeline_logistica.py
[2026-02-27T17:43:00.184+0000] {logging_mixin.py:188} INFO - [2026-02-27T17:43:00.184+0000] {dag.py:3036} INFO - Sync 1 DAGs
[2026-02-27T17:43:00.195+0000] {logging_mixin.py:188} INFO - [2026-02-27T17:43:00.195+0000] {dag.py:3823} INFO - Setting next_dagrun for pipeline_mar_ligure_v2 to 2026-02-27 17:00:00+00:00, run_after=2026-02-27 18:00:00+00:00
[2026-02-27T17:43:00.202+0000] {processor.py:183} INFO - Processing /opt/airflow/dags/pipeline_logistica.py took 0.051 seconds
[2026-02-27T17:43:30.402+0000] {processor.py:161} INFO - Started process (PID=321) to work on /opt/airflow/dags/pipeline_logistica.py
[2026-02-27T17:43:30.402+0000] {processor.py:830} INFO - Processing file /opt/airflow/dags/pipeline_logistica.py for tasks to queue
[2026-02-27T17:43:30.403+0000] {logging_mixin.py:188} INFO - [2026-02-27T17:43:30.403+0000] {dagbag.py:538} INFO - Filling up the DagBag from /opt/airflow/dags/pipeline_logistica.py
[2026-02-27T17:43:30.409+0000] {processor.py:840} INFO - DAG(s) 'pipeline_mar_ligure_v2' retrieved from /opt/airflow/dags/pipeline_logistica.py
[2026-02-27T17:43:30.424+0000] {logging_mixin.py:188} INFO - [2026-02-27T17:43:30.424+0000] {dag.py:3036} INFO - Sync 1 DAGs
[2026-02-27T17:43:30.435+0000] {logging_mixin.py:188} INFO - [2026-02-27T17:43:30.435+0000] {dag.py:3823} INFO - Setting next_dagrun for pipeline_mar_ligure_v2 to 2026-02-27 17:00:00+00:00, run_after=2026-02-27 18:00:00+00:00
[2026-02-27T17:43:30.444+0000] {processor.py:183} INFO - Processing /opt/airflow/dags/pipeline_logistica.py took 0.045 seconds
[2026-02-27T17:44:00.646+0000] {processor.py:161} INFO - Started process (PID=326) to work on /opt/airflow/dags/pipeline_logistica.py
[2026-02-27T17:44:00.647+0000] {processor.py:830} INFO - Processing file /opt/airflow/dags/pipeline_logistica.py for tasks to queue
[2026-02-27T17:44:00.648+0000] {logging_mixin.py:188} INFO - [2026-02-27T17:44:00.648+0000] {dagbag.py:538} INFO - Filling up the DagBag from /opt/airflow/dags/pipeline_logistica.py
[2026-02-27T17:44:00.658+0000] {processor.py:840} INFO - DAG(s) 'pipeline_mar_ligure_v2' retrieved from /opt/airflow/dags/pipeline_logistica.py
[2026-02-27T17:44:00.676+0000] {logging_mixin.py:188} INFO - [2026-02-27T17:44:00.676+0000] {dag.py:3036} INFO - Sync 1 DAGs
[2026-02-27T17:44:00.686+0000] {logging_mixin.py:188} INFO - [2026-02-27T17:44:00.686+0000] {dag.py:3823} INFO - Setting next_dagrun for pipeline_mar_ligure_v2 to 2026-02-27 17:00:00+00:00, run_after=2026-02-27 18:00:00+00:00
[2026-02-27T17:44:00.693+0000] {processor.py:183} INFO - Processing /opt/airflow/dags/pipeline_logistica.py took 0.050 seconds
[2026-02-27T17:44:15.784+0000] {processor.py:161} INFO - Started process (PID=331) to work on /opt/airflow/dags/pipeline_logistica.py
[2026-02-27T17:44:15.786+0000] {processor.py:830} INFO - Processing file /opt/airflow/dags/pipeline_logistica.py for tasks to queue
[2026-02-27T17:44:15.787+0000] {logging_mixin.py:188} INFO - [2026-02-27T17:44:15.787+0000] {dagbag.py:538} INFO - Filling up the DagBag from /opt/airflow/dags/pipeline_logistica.py
[2026-02-27T17:44:15.798+0000] {processor.py:840} INFO - DAG(s) 'pipeline_mar_ligure_definitiva' retrieved from /opt/airflow/dags/pipeline_logistica.py
[2026-02-27T17:44:15.851+0000] {logging_mixin.py:188} INFO - [2026-02-27T17:44:15.850+0000] {override.py:1769} INFO - Created Permission View: can delete on DAG:pipeline_mar_ligure_definitiva
[2026-02-27T17:44:15.854+0000] {logging_mixin.py:188} INFO - [2026-02-27T17:44:15.854+0000] {override.py:1769} INFO - Created Permission View: can edit on DAG:pipeline_mar_ligure_definitiva
[2026-02-27T17:44:15.856+0000] {logging_mixin.py:188} INFO - [2026-02-27T17:44:15.856+0000] {override.py:1769} INFO - Created Permission View: can read on DAG:pipeline_mar_ligure_definitiva
[2026-02-27T17:44:15.857+0000] {logging_mixin.py:188} INFO - [2026-02-27T17:44:15.857+0000] {dag.py:3036} INFO - Sync 1 DAGs
[2026-02-27T17:44:15.861+0000] {logging_mixin.py:188} INFO - [2026-02-27T17:44:15.861+0000] {dag.py:3058} INFO - Creating ORM DAG for pipeline_mar_ligure_definitiva
[2026-02-27T17:44:15.865+0000] {logging_mixin.py:188} INFO - [2026-02-27T17:44:15.865+0000] {dag.py:3823} INFO - Setting next_dagrun for pipeline_mar_ligure_definitiva to 2026-02-27 16:00:00+00:00, run_after=2026-02-27 17:00:00+00:00
[2026-02-27T17:44:15.872+0000] {processor.py:183} INFO - Processing /opt/airflow/dags/pipeline_logistica.py took 0.091 seconds
[2026-02-27T17:44:46.045+0000] {processor.py:161} INFO - Started process (PID=337) to work on /opt/airflow/dags/pipeline_logistica.py
[2026-02-27T17:44:46.045+0000] {processor.py:830} INFO - Processing file /opt/airflow/dags/pipeline_logistica.py for tasks to queue
[2026-02-27T17:44:46.046+0000] {logging_mixin.py:188} INFO - [2026-02-27T17:44:46.046+0000] {dagbag.py:538} INFO - Filling up the DagBag from /opt/airflow/dags/pipeline_logistica.py
[2026-02-27T17:44:46.054+0000] {processor.py:840} INFO - DAG(s) 'pipeline_mar_ligure_definitiva' retrieved from /opt/airflow/dags/pipeline_logistica.py
[2026-02-27T17:44:46.071+0000] {logging_mixin.py:188} INFO - [2026-02-27T17:44:46.071+0000] {dag.py:3036} INFO - Sync 1 DAGs
[2026-02-27T17:44:46.083+0000] {logging_mixin.py:188} INFO - [2026-02-27T17:44:46.083+0000] {dag.py:3823} INFO - Setting next_dagrun for pipeline_mar_ligure_definitiva to 2026-02-27 16:00:00+00:00, run_after=2026-02-27 17:00:00+00:00
[2026-02-27T17:44:46.092+0000] {processor.py:183} INFO - Processing /opt/airflow/dags/pipeline_logistica.py took 0.049 seconds
[2026-02-27T17:45:16.312+0000] {processor.py:161} INFO - Started process (PID=350) to work on /opt/airflow/dags/pipeline_logistica.py
[2026-02-27T17:45:16.313+0000] {processor.py:830} INFO - Processing file /opt/airflow/dags/pipeline_logistica.py for tasks to queue
[2026-02-27T17:45:16.314+0000] {logging_mixin.py:188} INFO - [2026-02-27T17:45:16.314+0000] {dagbag.py:538} INFO - Filling up the DagBag from /opt/airflow/dags/pipeline_logistica.py
[2026-02-27T17:45:16.327+0000] {processor.py:840} INFO - DAG(s) 'pipeline_mar_ligure_definitiva' retrieved from /opt/airflow/dags/pipeline_logistica.py
[2026-02-27T17:45:16.346+0000] {logging_mixin.py:188} INFO - [2026-02-27T17:45:16.346+0000] {dag.py:3036} INFO - Sync 1 DAGs
[2026-02-27T17:45:16.359+0000] {logging_mixin.py:188} INFO - [2026-02-27T17:45:16.359+0000] {dag.py:3823} INFO - Setting next_dagrun for pipeline_mar_ligure_definitiva to 2026-02-27 17:00:00+00:00, run_after=2026-02-27 18:00:00+00:00
[2026-02-27T17:45:16.369+0000] {processor.py:183} INFO - Processing /opt/airflow/dags/pipeline_logistica.py took 0.061 seconds
[2026-02-27T17:45:46.563+0000] {processor.py:161} INFO - Started process (PID=355) to work on /opt/airflow/dags/pipeline_logistica.py
[2026-02-27T17:45:46.564+0000] {processor.py:830} INFO - Processing file /opt/airflow/dags/pipeline_logistica.py for tasks to queue
[2026-02-27T17:45:46.565+0000] {logging_mixin.py:188} INFO - [2026-02-27T17:45:46.564+0000] {dagbag.py:538} INFO - Filling up the DagBag from /opt/airflow/dags/pipeline_logistica.py
[2026-02-27T17:45:46.575+0000] {processor.py:840} INFO - DAG(s) 'pipeline_mar_ligure_definitiva' retrieved from /opt/airflow/dags/pipeline_logistica.py
[2026-02-27T17:45:46.594+0000] {logging_mixin.py:188} INFO - [2026-02-27T17:45:46.594+0000] {dag.py:3036} INFO - Sync 1 DAGs
[2026-02-27T17:45:46.604+0000] {logging_mixin.py:188} INFO - [2026-02-27T17:45:46.604+0000] {dag.py:3823} INFO - Setting next_dagrun for pipeline_mar_ligure_definitiva to 2026-02-27 17:00:00+00:00, run_after=2026-02-27 18:00:00+00:00
[2026-02-27T17:45:46.612+0000] {processor.py:183} INFO - Processing /opt/airflow/dags/pipeline_logistica.py took 0.052 seconds
[2026-02-27T17:46:16.775+0000] {processor.py:161} INFO - Started process (PID=360) to work on /opt/airflow/dags/pipeline_logistica.py
[2026-02-27T17:46:16.776+0000] {processor.py:830} INFO - Processing file /opt/airflow/dags/pipeline_logistica.py for tasks to queue
[2026-02-27T17:46:16.777+0000] {logging_mixin.py:188} INFO - [2026-02-27T17:46:16.777+0000] {dagbag.py:538} INFO - Filling up the DagBag from /opt/airflow/dags/pipeline_logistica.py
[2026-02-27T17:46:16.785+0000] {processor.py:840} INFO - DAG(s) 'pipeline_mar_ligure_definitiva' retrieved from /opt/airflow/dags/pipeline_logistica.py
[2026-02-27T17:46:16.804+0000] {logging_mixin.py:188} INFO - [2026-02-27T17:46:16.804+0000] {dag.py:3036} INFO - Sync 1 DAGs
[2026-02-27T17:46:16.816+0000] {logging_mixin.py:188} INFO - [2026-02-27T17:46:16.816+0000] {dag.py:3823} INFO - Setting next_dagrun for pipeline_mar_ligure_definitiva to 2026-02-27 17:00:00+00:00, run_after=2026-02-27 18:00:00+00:00
[2026-02-27T17:46:16.824+0000] {processor.py:183} INFO - Processing /opt/airflow/dags/pipeline_logistica.py took 0.051 seconds
[2026-02-27T17:46:47.063+0000] {processor.py:161} INFO - Started process (PID=365) to work on /opt/airflow/dags/pipeline_logistica.py
[2026-02-27T17:46:47.064+0000] {processor.py:830} INFO - Processing file /opt/airflow/dags/pipeline_logistica.py for tasks to queue
[2026-02-27T17:46:47.065+0000] {logging_mixin.py:188} INFO - [2026-02-27T17:46:47.064+0000] {dagbag.py:538} INFO - Filling up the DagBag from /opt/airflow/dags/pipeline_logistica.py
[2026-02-27T17:46:47.073+0000] {processor.py:840} INFO - DAG(s) 'pipeline_mar_ligure_definitiva' retrieved from /opt/airflow/dags/pipeline_logistica.py
[2026-02-27T17:46:47.088+0000] {logging_mixin.py:188} INFO - [2026-02-27T17:46:47.087+0000] {dag.py:3036} INFO - Sync 1 DAGs
[2026-02-27T17:46:47.097+0000] {logging_mixin.py:188} INFO - [2026-02-27T17:46:47.097+0000] {dag.py:3823} INFO - Setting next_dagrun for pipeline_mar_ligure_definitiva to 2026-02-27 17:00:00+00:00, run_after=2026-02-27 18:00:00+00:00
[2026-02-27T17:46:47.105+0000] {processor.py:183} INFO - Processing /opt/airflow/dags/pipeline_logistica.py took 0.044 seconds
[2026-02-27T17:47:17.355+0000] {processor.py:161} INFO - Started process (PID=370) to work on /opt/airflow/dags/pipeline_logistica.py
[2026-02-27T17:47:17.355+0000] {processor.py:830} INFO - Processing file /opt/airflow/dags/pipeline_logistica.py for tasks to queue
[2026-02-27T17:47:17.356+0000] {logging_mixin.py:188} INFO - [2026-02-27T17:47:17.356+0000] {dagbag.py:538} INFO - Filling up the DagBag from /opt/airflow/dags/pipeline_logistica.py
[2026-02-27T17:47:17.364+0000] {processor.py:840} INFO - DAG(s) 'pipeline_mar_ligure_definitiva' retrieved from /opt/airflow/dags/pipeline_logistica.py
[2026-02-27T17:47:17.380+0000] {logging_mixin.py:188} INFO - [2026-02-27T17:47:17.380+0000] {dag.py:3036} INFO - Sync 1 DAGs
[2026-02-27T17:47:17.391+0000] {logging_mixin.py:188} INFO - [2026-02-27T17:47:17.391+0000] {dag.py:3823} INFO - Setting next_dagrun for pipeline_mar_ligure_definitiva to 2026-02-27 17:00:00+00:00, run_after=2026-02-27 18:00:00+00:00
[2026-02-27T17:47:17.399+0000] {processor.py:183} INFO - Processing /opt/airflow/dags/pipeline_logistica.py took 0.047 seconds
[2026-02-27T17:47:47.619+0000] {processor.py:161} INFO - Started process (PID=375) to work on /opt/airflow/dags/pipeline_logistica.py
[2026-02-27T17:47:47.620+0000] {processor.py:830} INFO - Processing file /opt/airflow/dags/pipeline_logistica.py for tasks to queue
[2026-02-27T17:47:47.621+0000] {logging_mixin.py:188} INFO - [2026-02-27T17:47:47.620+0000] {dagbag.py:538} INFO - Filling up the DagBag from /opt/airflow/dags/pipeline_logistica.py
[2026-02-27T17:47:47.629+0000] {processor.py:840} INFO - DAG(s) 'pipeline_mar_ligure_definitiva' retrieved from /opt/airflow/dags/pipeline_logistica.py
[2026-02-27T17:47:47.646+0000] {logging_mixin.py:188} INFO - [2026-02-27T17:47:47.646+0000] {dag.py:3036} INFO - Sync 1 DAGs
[2026-02-27T17:47:47.659+0000] {logging_mixin.py:188} INFO - [2026-02-27T17:47:47.658+0000] {dag.py:3823} INFO - Setting next_dagrun for pipeline_mar_ligure_definitiva to 2026-02-27 17:00:00+00:00, run_after=2026-02-27 18:00:00+00:00
[2026-02-27T17:47:47.666+0000] {processor.py:183} INFO - Processing /opt/airflow/dags/pipeline_logistica.py took 0.050 seconds
[2026-02-27T17:48:17.873+0000] {processor.py:161} INFO - Started process (PID=380) to work on /opt/airflow/dags/pipeline_logistica.py
[2026-02-27T17:48:17.874+0000] {processor.py:830} INFO - Processing file /opt/airflow/dags/pipeline_logistica.py for tasks to queue
[2026-02-27T17:48:17.874+0000] {logging_mixin.py:188} INFO - [2026-02-27T17:48:17.874+0000] {dagbag.py:538} INFO - Filling up the DagBag from /opt/airflow/dags/pipeline_logistica.py
[2026-02-27T17:48:17.880+0000] {processor.py:840} INFO - DAG(s) 'pipeline_mar_ligure_definitiva' retrieved from /opt/airflow/dags/pipeline_logistica.py
[2026-02-27T17:48:17.892+0000] {logging_mixin.py:188} INFO - [2026-02-27T17:48:17.892+0000] {dag.py:3036} INFO - Sync 1 DAGs
[2026-02-27T17:48:17.902+0000] {logging_mixin.py:188} INFO - [2026-02-27T17:48:17.902+0000] {dag.py:3823} INFO - Setting next_dagrun for pipeline_mar_ligure_definitiva to 2026-02-27 17:00:00+00:00, run_after=2026-02-27 18:00:00+00:00
[2026-02-27T17:48:17.910+0000] {processor.py:183} INFO - Processing /opt/airflow/dags/pipeline_logistica.py took 0.038 seconds
[2026-02-27T17:48:48.117+0000] {processor.py:161} INFO - Started process (PID=385) to work on /opt/airflow/dags/pipeline_logistica.py
[2026-02-27T17:48:48.118+0000] {processor.py:830} INFO - Processing file /opt/airflow/dags/pipeline_logistica.py for tasks to queue
[2026-02-27T17:48:48.119+0000] {logging_mixin.py:188} INFO - [2026-02-27T17:48:48.119+0000] {dagbag.py:538} INFO - Filling up the DagBag from /opt/airflow/dags/pipeline_logistica.py
[2026-02-27T17:48:48.129+0000] {processor.py:840} INFO - DAG(s) 'pipeline_mar_ligure_definitiva' retrieved from /opt/airflow/dags/pipeline_logistica.py
[2026-02-27T17:48:48.146+0000] {logging_mixin.py:188} INFO - [2026-02-27T17:48:48.145+0000] {dag.py:3036} INFO - Sync 1 DAGs
[2026-02-27T17:48:48.156+0000] {logging_mixin.py:188} INFO - [2026-02-27T17:48:48.156+0000] {dag.py:3823} INFO - Setting next_dagrun for pipeline_mar_ligure_definitiva to 2026-02-27 17:00:00+00:00, run_after=2026-02-27 18:00:00+00:00
[2026-02-27T17:48:48.163+0000] {processor.py:183} INFO - Processing /opt/airflow/dags/pipeline_logistica.py took 0.049 seconds
[2026-02-27T17:49:18.396+0000] {processor.py:161} INFO - Started process (PID=390) to work on /opt/airflow/dags/pipeline_logistica.py
[2026-02-27T17:49:18.397+0000] {processor.py:830} INFO - Processing file /opt/airflow/dags/pipeline_logistica.py for tasks to queue
[2026-02-27T17:49:18.397+0000] {logging_mixin.py:188} INFO - [2026-02-27T17:49:18.397+0000] {dagbag.py:538} INFO - Filling up the DagBag from /opt/airflow/dags/pipeline_logistica.py
[2026-02-27T17:49:18.405+0000] {processor.py:840} INFO - DAG(s) 'pipeline_mar_ligure_definitiva' retrieved from /opt/airflow/dags/pipeline_logistica.py
[2026-02-27T17:49:18.422+0000] {logging_mixin.py:188} INFO - [2026-02-27T17:49:18.422+0000] {dag.py:3036} INFO - Sync 1 DAGs
[2026-02-27T17:49:18.434+0000] {logging_mixin.py:188} INFO - [2026-02-27T17:49:18.434+0000] {dag.py:3823} INFO - Setting next_dagrun for pipeline_mar_ligure_definitiva to 2026-02-27 17:00:00+00:00, run_after=2026-02-27 18:00:00+00:00
[2026-02-27T17:49:18.442+0000] {processor.py:183} INFO - Processing /opt/airflow/dags/pipeline_logistica.py took 0.048 seconds
[2026-02-27T17:49:48.657+0000] {processor.py:161} INFO - Started process (PID=395) to work on /opt/airflow/dags/pipeline_logistica.py
[2026-02-27T17:49:48.658+0000] {processor.py:830} INFO - Processing file /opt/airflow/dags/pipeline_logistica.py for tasks to queue
[2026-02-27T17:49:48.659+0000] {logging_mixin.py:188} INFO - [2026-02-27T17:49:48.658+0000] {dagbag.py:538} INFO - Filling up the DagBag from /opt/airflow/dags/pipeline_logistica.py
[2026-02-27T17:49:48.668+0000] {processor.py:840} INFO - DAG(s) 'pipeline_mar_ligure_definitiva' retrieved from /opt/airflow/dags/pipeline_logistica.py
[2026-02-27T17:49:48.685+0000] {logging_mixin.py:188} INFO - [2026-02-27T17:49:48.685+0000] {dag.py:3036} INFO - Sync 1 DAGs
[2026-02-27T17:49:48.697+0000] {logging_mixin.py:188} INFO - [2026-02-27T17:49:48.697+0000] {dag.py:3823} INFO - Setting next_dagrun for pipeline_mar_ligure_definitiva to 2026-02-27 17:00:00+00:00, run_after=2026-02-27 18:00:00+00:00
[2026-02-27T17:49:48.706+0000] {processor.py:183} INFO - Processing /opt/airflow/dags/pipeline_logistica.py took 0.052 seconds
[2026-02-27T17:50:18.919+0000] {processor.py:161} INFO - Started process (PID=400) to work on /opt/airflow/dags/pipeline_logistica.py
[2026-02-27T17:50:18.919+0000] {processor.py:830} INFO - Processing file /opt/airflow/dags/pipeline_logistica.py for tasks to queue
[2026-02-27T17:50:18.920+0000] {logging_mixin.py:188} INFO - [2026-02-27T17:50:18.920+0000] {dagbag.py:538} INFO - Filling up the DagBag from /opt/airflow/dags/pipeline_logistica.py
[2026-02-27T17:50:18.928+0000] {processor.py:840} INFO - DAG(s) 'pipeline_mar_ligure_definitiva' retrieved from /opt/airflow/dags/pipeline_logistica.py
[2026-02-27T17:50:18.945+0000] {logging_mixin.py:188} INFO - [2026-02-27T17:50:18.945+0000] {dag.py:3036} INFO - Sync 1 DAGs
[2026-02-27T17:50:18.957+0000] {logging_mixin.py:188} INFO - [2026-02-27T17:50:18.956+0000] {dag.py:3823} INFO - Setting next_dagrun for pipeline_mar_ligure_definitiva to 2026-02-27 17:00:00+00:00, run_after=2026-02-27 18:00:00+00:00
[2026-02-27T17:50:18.965+0000] {processor.py:183} INFO - Processing /opt/airflow/dags/pipeline_logistica.py took 0.048 seconds
[2026-02-27T17:50:49.172+0000] {processor.py:161} INFO - Started process (PID=405) to work on /opt/airflow/dags/pipeline_logistica.py
[2026-02-27T17:50:49.173+0000] {processor.py:830} INFO - Processing file /opt/airflow/dags/pipeline_logistica.py for tasks to queue
[2026-02-27T17:50:49.173+0000] {logging_mixin.py:188} INFO - [2026-02-27T17:50:49.173+0000] {dagbag.py:538} INFO - Filling up the DagBag from /opt/airflow/dags/pipeline_logistica.py
[2026-02-27T17:50:49.179+0000] {processor.py:840} INFO - DAG(s) 'pipeline_mar_ligure_definitiva' retrieved from /opt/airflow/dags/pipeline_logistica.py
[2026-02-27T17:50:49.193+0000] {logging_mixin.py:188} INFO - [2026-02-27T17:50:49.193+0000] {dag.py:3036} INFO - Sync 1 DAGs
[2026-02-27T17:50:49.203+0000] {logging_mixin.py:188} INFO - [2026-02-27T17:50:49.203+0000] {dag.py:3823} INFO - Setting next_dagrun for pipeline_mar_ligure_definitiva to 2026-02-27 17:00:00+00:00, run_after=2026-02-27 18:00:00+00:00
[2026-02-27T17:50:49.211+0000] {processor.py:183} INFO - Processing /opt/airflow/dags/pipeline_logistica.py took 0.041 seconds
[2026-02-27T17:51:19.453+0000] {processor.py:161} INFO - Started process (PID=410) to work on /opt/airflow/dags/pipeline_logistica.py
[2026-02-27T17:51:19.454+0000] {processor.py:830} INFO - Processing file /opt/airflow/dags/pipeline_logistica.py for tasks to queue
[2026-02-27T17:51:19.455+0000] {logging_mixin.py:188} INFO - [2026-02-27T17:51:19.454+0000] {dagbag.py:538} INFO - Filling up the DagBag from /opt/airflow/dags/pipeline_logistica.py
[2026-02-27T17:51:19.462+0000] {processor.py:840} INFO - DAG(s) 'pipeline_mar_ligure_definitiva' retrieved from /opt/airflow/dags/pipeline_logistica.py
[2026-02-27T17:51:19.477+0000] {logging_mixin.py:188} INFO - [2026-02-27T17:51:19.477+0000] {dag.py:3036} INFO - Sync 1 DAGs
[2026-02-27T17:51:19.487+0000] {logging_mixin.py:188} INFO - [2026-02-27T17:51:19.487+0000] {dag.py:3823} INFO - Setting next_dagrun for pipeline_mar_ligure_definitiva to 2026-02-27 17:00:00+00:00, run_after=2026-02-27 18:00:00+00:00
[2026-02-27T17:51:19.495+0000] {processor.py:183} INFO - Processing /opt/airflow/dags/pipeline_logistica.py took 0.044 seconds
[2026-02-27T17:51:49.742+0000] {processor.py:161} INFO - Started process (PID=415) to work on /opt/airflow/dags/pipeline_logistica.py
[2026-02-27T17:51:49.742+0000] {processor.py:830} INFO - Processing file /opt/airflow/dags/pipeline_logistica.py for tasks to queue
[2026-02-27T17:51:49.743+0000] {logging_mixin.py:188} INFO - [2026-02-27T17:51:49.743+0000] {dagbag.py:538} INFO - Filling up the DagBag from /opt/airflow/dags/pipeline_logistica.py
[2026-02-27T17:51:49.750+0000] {processor.py:840} INFO - DAG(s) 'pipeline_mar_ligure_definitiva' retrieved from /opt/airflow/dags/pipeline_logistica.py
[2026-02-27T17:51:49.765+0000] {logging_mixin.py:188} INFO - [2026-02-27T17:51:49.765+0000] {dag.py:3036} INFO - Sync 1 DAGs
[2026-02-27T17:51:49.775+0000] {logging_mixin.py:188} INFO - [2026-02-27T17:51:49.775+0000] {dag.py:3823} INFO - Setting next_dagrun for pipeline_mar_ligure_definitiva to 2026-02-27 17:00:00+00:00, run_after=2026-02-27 18:00:00+00:00
[2026-02-27T17:51:49.782+0000] {processor.py:183} INFO - Processing /opt/airflow/dags/pipeline_logistica.py took 0.042 seconds
[2026-02-27T17:52:20.026+0000] {processor.py:161} INFO - Started process (PID=420) to work on /opt/airflow/dags/pipeline_logistica.py
[2026-02-27T17:52:20.027+0000] {processor.py:830} INFO - Processing file /opt/airflow/dags/pipeline_logistica.py for tasks to queue
[2026-02-27T17:52:20.028+0000] {logging_mixin.py:188} INFO - [2026-02-27T17:52:20.028+0000] {dagbag.py:538} INFO - Filling up the DagBag from /opt/airflow/dags/pipeline_logistica.py
[2026-02-27T17:52:20.038+0000] {processor.py:840} INFO - DAG(s) 'pipeline_mar_ligure_definitiva' retrieved from /opt/airflow/dags/pipeline_logistica.py
[2026-02-27T17:52:20.054+0000] {logging_mixin.py:188} INFO - [2026-02-27T17:52:20.054+0000] {dag.py:3036} INFO - Sync 1 DAGs
[2026-02-27T17:52:20.064+0000] {logging_mixin.py:188} INFO - [2026-02-27T17:52:20.064+0000] {dag.py:3823} INFO - Setting next_dagrun for pipeline_mar_ligure_definitiva to 2026-02-27 17:00:00+00:00, run_after=2026-02-27 18:00:00+00:00
[2026-02-27T17:52:20.072+0000] {processor.py:183} INFO - Processing /opt/airflow/dags/pipeline_logistica.py took 0.048 seconds
[2026-02-27T17:52:50.326+0000] {processor.py:161} INFO - Started process (PID=425) to work on /opt/airflow/dags/pipeline_logistica.py
[2026-02-27T17:52:50.327+0000] {processor.py:830} INFO - Processing file /opt/airflow/dags/pipeline_logistica.py for tasks to queue
[2026-02-27T17:52:50.328+0000] {logging_mixin.py:188} INFO - [2026-02-27T17:52:50.328+0000] {dagbag.py:538} INFO - Filling up the DagBag from /opt/airflow/dags/pipeline_logistica.py
[2026-02-27T17:52:50.341+0000] {processor.py:840} INFO - DAG(s) 'pipeline_mar_ligure_definitiva' retrieved from /opt/airflow/dags/pipeline_logistica.py
[2026-02-27T17:52:50.360+0000] {logging_mixin.py:188} INFO - [2026-02-27T17:52:50.360+0000] {dag.py:3036} INFO - Sync 1 DAGs
[2026-02-27T17:52:50.372+0000] {logging_mixin.py:188} INFO - [2026-02-27T17:52:50.372+0000] {dag.py:3823} INFO - Setting next_dagrun for pipeline_mar_ligure_definitiva to 2026-02-27 17:00:00+00:00, run_after=2026-02-27 18:00:00+00:00
[2026-02-27T17:52:50.381+0000] {processor.py:183} INFO - Processing /opt/airflow/dags/pipeline_logistica.py took 0.059 seconds
[2026-02-27T17:52:51.346+0000] {processor.py:161} INFO - Started process (PID=430) to work on /opt/airflow/dags/pipeline_logistica.py
[2026-02-27T17:52:51.347+0000] {processor.py:830} INFO - Processing file /opt/airflow/dags/pipeline_logistica.py for tasks to queue
[2026-02-27T17:52:51.348+0000] {logging_mixin.py:188} INFO - [2026-02-27T17:52:51.348+0000] {dagbag.py:538} INFO - Filling up the DagBag from /opt/airflow/dags/pipeline_logistica.py
[2026-02-27T17:52:51.358+0000] {processor.py:840} INFO - DAG(s) 'pipeline_mar_ligure_completa' retrieved from /opt/airflow/dags/pipeline_logistica.py
[2026-02-27T17:52:51.412+0000] {logging_mixin.py:188} INFO - [2026-02-27T17:52:51.411+0000] {override.py:1769} INFO - Created Permission View: can delete on DAG:pipeline_mar_ligure_completa
[2026-02-27T17:52:51.415+0000] {logging_mixin.py:188} INFO - [2026-02-27T17:52:51.415+0000] {override.py:1769} INFO - Created Permission View: can edit on DAG:pipeline_mar_ligure_completa
[2026-02-27T17:52:51.416+0000] {logging_mixin.py:188} INFO - [2026-02-27T17:52:51.416+0000] {override.py:1769} INFO - Created Permission View: can read on DAG:pipeline_mar_ligure_completa
[2026-02-27T17:52:51.416+0000] {logging_mixin.py:188} INFO - [2026-02-27T17:52:51.416+0000] {dag.py:3036} INFO - Sync 1 DAGs
[2026-02-27T17:52:51.420+0000] {logging_mixin.py:188} INFO - [2026-02-27T17:52:51.420+0000] {dag.py:3058} INFO - Creating ORM DAG for pipeline_mar_ligure_completa
[2026-02-27T17:52:51.425+0000] {logging_mixin.py:188} INFO - [2026-02-27T17:52:51.425+0000] {dag.py:3823} INFO - Setting next_dagrun for pipeline_mar_ligure_completa to 2026-02-27 16:00:00+00:00, run_after=2026-02-27 17:00:00+00:00
[2026-02-27T17:52:51.431+0000] {processor.py:183} INFO - Processing /opt/airflow/dags/pipeline_logistica.py took 0.087 seconds
