[2026-02-27T17:33:39.329+0000] {taskinstance.py:1956} INFO - Dependencies all met for dep_context=non-requeueable deps ti=<TaskInstance: pipeline_mar_ligure_v2.aggiorna_fact_movimenti manual__2026-02-27T17:33:38.579666+00:00 [queued]>
[2026-02-27T17:33:39.334+0000] {taskinstance.py:1956} INFO - Dependencies all met for dep_context=requeueable deps ti=<TaskInstance: pipeline_mar_ligure_v2.aggiorna_fact_movimenti manual__2026-02-27T17:33:38.579666+00:00 [queued]>
[2026-02-27T17:33:39.335+0000] {taskinstance.py:2170} INFO - Starting attempt 1 of 2
[2026-02-27T17:33:39.342+0000] {taskinstance.py:2191} INFO - Executing <Task(SQLExecuteQueryOperator): aggiorna_fact_movimenti> on 2026-02-27 17:33:38.579666+00:00
[2026-02-27T17:33:39.345+0000] {standard_task_runner.py:60} INFO - Started process 212 to run task
[2026-02-27T17:33:39.346+0000] {standard_task_runner.py:87} INFO - Running: ['airflow', 'tasks', 'run', 'pipeline_mar_ligure_v2', 'aggiorna_fact_movimenti', 'manual__2026-02-27T17:33:38.579666+00:00', '--job-id', '2', '--raw', '--subdir', 'DAGS_FOLDER/pipeline_logistica.py', '--cfg-path', '/tmp/tmpr1dunqdt']
[2026-02-27T17:33:39.347+0000] {standard_task_runner.py:88} INFO - Job 2: Subtask aggiorna_fact_movimenti
[2026-02-27T17:33:39.375+0000] {task_command.py:423} INFO - Running <TaskInstance: pipeline_mar_ligure_v2.aggiorna_fact_movimenti manual__2026-02-27T17:33:38.579666+00:00 [running]> on host 5b9b6da3d829
[2026-02-27T17:33:39.410+0000] {taskinstance.py:2480} INFO - Exporting env vars: AIRFLOW_CTX_DAG_OWNER='andrea' AIRFLOW_CTX_DAG_ID='pipeline_mar_ligure_v2' AIRFLOW_CTX_TASK_ID='aggiorna_fact_movimenti' AIRFLOW_CTX_EXECUTION_DATE='2026-02-27T17:33:38.579666+00:00' AIRFLOW_CTX_TRY_NUMBER='1' AIRFLOW_CTX_DAG_RUN_ID='manual__2026-02-27T17:33:38.579666+00:00'
[2026-02-27T17:33:39.410+0000] {sql.py:276} INFO - Executing: 
        TRUNCATE TABLE fact_movimenti;
        
        INSERT INTO fact_movimenti (mmsi, codice_zona, orario_arrivo, orario_partenza)
        WITH cambi_stato AS (
            SELECT 
                mmsi,
                terminal_zona,
                timestamp_utc,
                LAG(terminal_zona) OVER (PARTITION BY mmsi ORDER BY timestamp_utc) as zona_precedente
            FROM staging_ais_data
            WHERE mmsi IS NOT NULL
        ),
        arrivi_partenze AS (
            SELECT 
                mmsi,
                terminal_zona,
                timestamp_utc AS orario_arrivo,
                LEAD(timestamp_utc) OVER (PARTITION BY mmsi ORDER BY timestamp_utc) AS orario_partenza
            FROM cambi_stato
            WHERE terminal_zona IS DISTINCT FROM zona_precedente
        )
        SELECT 
            mmsi,
            terminal_zona AS codice_zona,
            orario_arrivo,
            orario_partenza
        FROM arrivi_partenze
        WHERE terminal_zona != 'ALTRO_LIGURIA' 
          AND orario_partenza IS NOT NULL;
        
[2026-02-27T17:33:39.418+0000] {taskinstance.py:2698} ERROR - Task failed with exception
Traceback (most recent call last):
  File "/home/airflow/.local/lib/python3.8/site-packages/airflow/models/taskinstance.py", line 433, in _execute_task
    result = execute_callable(context=context, **execute_callable_kwargs)
  File "/home/airflow/.local/lib/python3.8/site-packages/airflow/providers/common/sql/operators/sql.py", line 277, in execute
    hook = self.get_db_hook()
  File "/home/airflow/.local/lib/python3.8/site-packages/airflow/providers/common/sql/operators/sql.py", line 188, in get_db_hook
    return self._hook
  File "/usr/local/lib/python3.8/functools.py", line 967, in __get__
    val = self.func(instance)
  File "/home/airflow/.local/lib/python3.8/site-packages/airflow/providers/common/sql/operators/sql.py", line 150, in _hook
    conn = BaseHook.get_connection(conn_id)
  File "/home/airflow/.local/lib/python3.8/site-packages/airflow/hooks/base.py", line 82, in get_connection
    conn = Connection.get_connection_from_secrets(conn_id)
  File "/home/airflow/.local/lib/python3.8/site-packages/airflow/models/connection.py", line 479, in get_connection_from_secrets
    raise AirflowNotFoundException(f"The conn_id `{conn_id}` isn't defined")
airflow.exceptions.AirflowNotFoundException: The conn_id `connessione_db_tesi` isn't defined
[2026-02-27T17:33:39.420+0000] {taskinstance.py:1138} INFO - Marking task as UP_FOR_RETRY. dag_id=pipeline_mar_ligure_v2, task_id=aggiorna_fact_movimenti, execution_date=20260227T173338, start_date=20260227T173339, end_date=20260227T173339
[2026-02-27T17:33:39.424+0000] {standard_task_runner.py:107} ERROR - Failed to execute job 2 for task aggiorna_fact_movimenti (The conn_id `connessione_db_tesi` isn't defined; 212)
[2026-02-27T17:33:39.443+0000] {local_task_job_runner.py:234} INFO - Task exited with return code 1
[2026-02-27T17:33:39.451+0000] {taskinstance.py:3280} INFO - 0 downstream tasks scheduled from follow-on schedule check
